
-------------------- Trial 0  --------------------

Trial 0 Training cc.mallet.classify.DecisionTreeTrainer@5b80350b with 2700 instances
DecisionTree learned:
!israel&!turkish&!gun&!clayton: misc
!israel&!turkish&!gun&clayton: misc
!israel&!turkish&gun&!homeland: guns
!israel&!turkish&gun&homeland: mideast
!israel&turkish&!mar&!marks: mideast
!israel&turkish&!mar&marks: mideast
!israel&turkish&mar&!anyone: mideast
!israel&turkish&mar&anyone: mideast
israel&!arab&!christianity&!example: mideast
israel&!arab&!christianity&example: mideast
israel&!arab&christianity&!news: guns
israel&!arab&christianity&news: mideast
israel&arab: mideast
Trial 0 Training cc.mallet.classify.DecisionTreeTrainer@5b80350b finished
Trial 0 Trainer cc.mallet.classify.DecisionTreeTrainer@5b80350b training data accuracy= 0.6018518518518519
Trial 0 Trainer cc.mallet.classify.DecisionTreeTrainer@5b80350b Test Data Confusion Matrix
Confusion Matrix, row=true, column=predicted  accuracy=0.5533333333333333
      label   0   1   2  |total
  0    guns  37   1  67  |105
  1 mideast   .  39  57  |96
  2    misc   4   5  90  |99

Trial 0 Trainer cc.mallet.classify.DecisionTreeTrainer@5b80350b test data accuracy= 0.5533333333333333

cc.mallet.classify.DecisionTreeTrainer@5b80350b
Summary. train accuracy mean = 0.6018518518518519 stddev = 0.0 stderr = 0.0
Summary. test accuracy mean = 0.5533333333333333 stddev = 0.0 stderr = 0.0
